<?xml version="1.0" encoding="UTF-8"?>
<testng-results skipped="0" failed="0" ignored="0" total="1" passed="1">
  <reporter-output>
  </reporter-output>
  <suite name="Default suite" duration-ms="18735" started-at="2018-07-21T09:18:32Z" finished-at="2018-07-21T09:18:51Z">
    <groups>
    </groups>
    <test name="Default test" duration-ms="18735" started-at="2018-07-21T09:18:32Z" finished-at="2018-07-21T09:18:51Z">
      <class name="com.Automation.HybridFramework.Testcases.LoginTest">
        <test-method status="PASS" signature="init()[pri:0, instance:com.Automation.HybridFramework.Testcases.LoginTest@685cb137]" name="init" is-config="true" duration-ms="13797" started-at="2018-07-21T09:18:32Z" finished-at="2018-07-21T09:18:46Z">
          <reporter-output>
          </reporter-output>
        </test-method> <!-- init -->
        <test-method status="PASS" signature="LoginTest()[pri:0, instance:com.Automation.HybridFramework.Testcases.LoginTest@685cb137]" name="LoginTest" duration-ms="4888" started-at="2018-07-21T09:18:46Z" finished-at="2018-07-21T09:18:51Z">
          <reporter-output>
          </reporter-output>
        </test-method> <!-- LoginTest -->
      </class> <!-- com.Automation.HybridFramework.Testcases.LoginTest -->
    </test> <!-- Default test -->
  </suite> <!-- Default suite -->
</testng-results>
